[info] welcome to sbt 1.8.2 (Ubuntu Java 11.0.17)
[info] loading global plugins from /home/rich/.sbt/1.0/plugins
[info] loading settings for project bluebus-build from plugins.sbt ...
[info] loading project definition from /home/rich/dev/bluebus/project
[info] loading settings for project bluebus from build.sbt ...
[info] set current project to bluebus (in build file:/home/rich/dev/bluebus/)
[info] uk.gov.homeoffice:bluebus_2.12:0.5.0-DRT [S]
[info]   +-org.asynchttpclient:async-http-client:2.12.3
[info]   | +-com.sun.activation:jakarta.activation:1.2.2
[info]   | +-com.typesafe.netty:netty-reactive-streams:2.0.4
[info]   | | +-io.netty:netty-handler:4.1.43.Final (evicted by: 4.1.60.Final)
[info]   | | +-io.netty:netty-handler:4.1.60.Final
[info]   | | | +-io.netty:netty-buffer:4.1.60.Final
[info]   | | | | +-io.netty:netty-common:4.1.60.Final
[info]   | | | | 
[info]   | | | +-io.netty:netty-codec:4.1.60.Final
[info]   | | | | +-io.netty:netty-buffer:4.1.60.Final
[info]   | | | | | +-io.netty:netty-common:4.1.60.Final
[info]   | | | | | 
[info]   | | | | +-io.netty:netty-common:4.1.60.Final
[info]   | | | | +-io.netty:netty-transport:4.1.60.Final
[info]   | | | |   +-io.netty:netty-buffer:4.1.60.Final
[info]   | | | |   | +-io.netty:netty-common:4.1.60.Final
[info]   | | | |   | 
[info]   | | | |   +-io.netty:netty-common:4.1.60.Final
[info]   | | | |   +-io.netty:netty-resolver:4.1.60.Final
[info]   | | | |     +-io.netty:netty-common:4.1.60.Final
[info]   | | | |     
[info]   | | | +-io.netty:netty-common:4.1.60.Final
[info]   | | | +-io.netty:netty-resolver:4.1.60.Final
[info]   | | | | +-io.netty:netty-common:4.1.60.Final
[info]   | | | | 
[info]   | | | +-io.netty:netty-transport:4.1.60.Final
[info]   | | |   +-io.netty:netty-buffer:4.1.60.Final
[info]   | | |   | +-io.netty:netty-common:4.1.60.Final
[info]   | | |   | 
[info]   | | |   +-io.netty:netty-common:4.1.60.Final
[info]   | | |   +-io.netty:netty-resolver:4.1.60.Final
[info]   | | |     +-io.netty:netty-common:4.1.60.Final
[info]   | | |     
[info]   | | +-org.reactivestreams:reactive-streams:1.0.3
[info]   | | 
[info]   | +-io.netty:netty-codec-http:4.1.60.Final
[info]   | | +-io.netty:netty-buffer:4.1.60.Final
[info]   | | | +-io.netty:netty-common:4.1.60.Final
[info]   | | | 
[info]   | | +-io.netty:netty-codec:4.1.60.Final
[info]   | | | +-io.netty:netty-buffer:4.1.60.Final
[info]   | | | | +-io.netty:netty-common:4.1.60.Final
[info]   | | | | 
[info]   | | | +-io.netty:netty-common:4.1.60.Final
[info]   | | | +-io.netty:netty-transport:4.1.60.Final
[info]   | | |   +-io.netty:netty-buffer:4.1.60.Final
[info]   | | |   | +-io.netty:netty-common:4.1.60.Final
[info]   | | |   | 
[info]   | | |   +-io.netty:netty-common:4.1.60.Final
[info]   | | |   +-io.netty:netty-resolver:4.1.60.Final
[info]   | | |     +-io.netty:netty-common:4.1.60.Final
[info]   | | |     
[info]   | | +-io.netty:netty-common:4.1.60.Final
[info]   | | +-io.netty:netty-handler:4.1.60.Final
[info]   | | | +-io.netty:netty-buffer:4.1.60.Final
[info]   | | | | +-io.netty:netty-common:4.1.60.Final
[info]   | | | | 
[info]   | | | +-io.netty:netty-codec:4.1.60.Final
[info]   | | | | +-io.netty:netty-buffer:4.1.60.Final
[info]   | | | | | +-io.netty:netty-common:4.1.60.Final
[info]   | | | | | 
[info]   | | | | +-io.netty:netty-common:4.1.60.Final
[info]   | | | | +-io.netty:netty-transport:4.1.60.Final
[info]   | | | |   +-io.netty:netty-buffer:4.1.60.Final
[info]   | | | |   | +-io.netty:netty-common:4.1.60.Final
[info]   | | | |   | 
[info]   | | | |   +-io.netty:netty-common:4.1.60.Final
[info]   | | | |   +-io.netty:netty-resolver:4.1.60.Final
[info]   | | | |     +-io.netty:netty-common:4.1.60.Final
[info]   | | | |     
[info]   | | | +-io.netty:netty-common:4.1.60.Final
[info]   | | | +-io.netty:netty-resolver:4.1.60.Final
[info]   | | | | +-io.netty:netty-common:4.1.60.Final
[info]   | | | | 
[info]   | | | +-io.netty:netty-transport:4.1.60.Final
[info]   | | |   +-io.netty:netty-buffer:4.1.60.Final
[info]   | | |   | +-io.netty:netty-common:4.1.60.Final
[info]   | | |   | 
[info]   | | |   +-io.netty:netty-common:4.1.60.Final
[info]   | | |   +-io.netty:netty-resolver:4.1.60.Final
[info]   | | |     +-io.netty:netty-common:4.1.60.Final
[info]   | | |     
[info]   | | +-io.netty:netty-transport:4.1.60.Final
[info]   | |   +-io.netty:netty-buffer:4.1.60.Final
[info]   | |   | +-io.netty:netty-common:4.1.60.Final
[info]   | |   | 
[info]   | |   +-io.netty:netty-common:4.1.60.Final
[info]   | |   +-io.netty:netty-resolver:4.1.60.Final
[info]   | |     +-io.netty:netty-common:4.1.60.Final
[info]   | |     
[info]   | +-io.netty:netty-codec-socks:4.1.60.Final
[info]   | | +-io.netty:netty-buffer:4.1.60.Final
[info]   | | | +-io.netty:netty-common:4.1.60.Final
[info]   | | | 
[info]   | | +-io.netty:netty-codec:4.1.60.Final
[info]   | | | +-io.netty:netty-buffer:4.1.60.Final
[info]   | | | | +-io.netty:netty-common:4.1.60.Final
[info]   | | | | 
[info]   | | | +-io.netty:netty-common:4.1.60.Final
[info]   | | | +-io.netty:netty-transport:4.1.60.Final
[info]   | | |   +-io.netty:netty-buffer:4.1.60.Final
[info]   | | |   | +-io.netty:netty-common:4.1.60.Final
[info]   | | |   | 
[info]   | | |   +-io.netty:netty-common:4.1.60.Final
[info]   | | |   +-io.netty:netty-resolver:4.1.60.Final
[info]   | | |     +-io.netty:netty-common:4.1.60.Final
[info]   | | |     
[info]   | | +-io.netty:netty-common:4.1.60.Final
[info]   | | +-io.netty:netty-transport:4.1.60.Final
[info]   | |   +-io.netty:netty-buffer:4.1.60.Final
[info]   | |   | +-io.netty:netty-common:4.1.60.Final
[info]   | |   | 
[info]   | |   +-io.netty:netty-common:4.1.60.Final
[info]   | |   +-io.netty:netty-resolver:4.1.60.Final
[info]   | |     +-io.netty:netty-common:4.1.60.Final
[info]   | |     
[info]   | +-io.netty:netty-handler-proxy:4.1.60.Final
[info]   | | +-io.netty:netty-buffer:4.1.60.Final
[info]   | | | +-io.netty:netty-common:4.1.60.Final
[info]   | | | 
[info]   | | +-io.netty:netty-codec-http:4.1.60.Final
[info]   | | | +-io.netty:netty-buffer:4.1.60.Final
[info]   | | | | +-io.netty:netty-common:4.1.60.Final
[info]   | | | | 
[info]   | | | +-io.netty:netty-codec:4.1.60.Final
[info]   | | | | +-io.netty:netty-buffer:4.1.60.Final
[info]   | | | | | +-io.netty:netty-common:4.1.60.Final
[info]   | | | | | 
[info]   | | | | +-io.netty:netty-common:4.1.60.Final
[info]   | | | | +-io.netty:netty-transport:4.1.60.Final
[info]   | | | |   +-io.netty:netty-buffer:4.1.60.Final
[info]   | | | |   | +-io.netty:netty-common:4.1.60.Final
[info]   | | | |   | 
[info]   | | | |   +-io.netty:netty-common:4.1.60.Final
[info]   | | | |   +-io.netty:netty-resolver:4.1.60.Final
[info]   | | | |     +-io.netty:netty-common:4.1.60.Final
[info]   | | | |     
[info]   | | | +-io.netty:netty-common:4.1.60.Final
[info]   | | | +-io.netty:netty-handler:4.1.60.Final
[info]   | | | | +-io.netty:netty-buffer:4.1.60.Final
[info]   | | | | | +-io.netty:netty-common:4.1.60.Final
[info]   | | | | | 
[info]   | | | | +-io.netty:netty-codec:4.1.60.Final
[info]   | | | | | +-io.netty:netty-buffer:4.1.60.Final
[info]   | | | | | | +-io.netty:netty-common:4.1.60.Final
[info]   | | | | | | 
[info]   | | | | | +-io.netty:netty-common:4.1.60.Final
[info]   | | | | | +-io.netty:netty-transport:4.1.60.Final
[info]   | | | | |   +-io.netty:netty-buffer:4.1.60.Final
[info]   | | | | |   | +-io.netty:netty-common:4.1.60.Final
[info]   | | | | |   | 
[info]   | | | | |   +-io.netty:netty-common:4.1.60.Final
[info]   | | | | |   +-io.netty:netty-resolver:4.1.60.Final
[info]   | | | | |     +-io.netty:netty-common:4.1.60.Final
[info]   | | | | |     
[info]   | | | | +-io.netty:netty-common:4.1.60.Final
[info]   | | | | +-io.netty:netty-resolver:4.1.60.Final
[info]   | | | | | +-io.netty:netty-common:4.1.60.Final
[info]   | | | | | 
[info]   | | | | +-io.netty:netty-transport:4.1.60.Final
[info]   | | | |   +-io.netty:netty-buffer:4.1.60.Final
[info]   | | | |   | +-io.netty:netty-common:4.1.60.Final
[info]   | | | |   | 
[info]   | | | |   +-io.netty:netty-common:4.1.60.Final
[info]   | | | |   +-io.netty:netty-resolver:4.1.60.Final
[info]   | | | |     +-io.netty:netty-common:4.1.60.Final
[info]   | | | |     
[info]   | | | +-io.netty:netty-transport:4.1.60.Final
[info]   | | |   +-io.netty:netty-buffer:4.1.60.Final
[info]   | | |   | +-io.netty:netty-common:4.1.60.Final
[info]   | | |   | 
[info]   | | |   +-io.netty:netty-common:4.1.60.Final
[info]   | | |   +-io.netty:netty-resolver:4.1.60.Final
[info]   | | |     +-io.netty:netty-common:4.1.60.Final
[info]   | | |     
[info]   | | +-io.netty:netty-codec-socks:4.1.60.Final
[info]   | | | +-io.netty:netty-buffer:4.1.60.Final
[info]   | | | | +-io.netty:netty-common:4.1.60.Final
[info]   | | | | 
[info]   | | | +-io.netty:netty-codec:4.1.60.Final
[info]   | | | | +-io.netty:netty-buffer:4.1.60.Final
[info]   | | | | | +-io.netty:netty-common:4.1.60.Final
[info]   | | | | | 
[info]   | | | | +-io.netty:netty-common:4.1.60.Final
[info]   | | | | +-io.netty:netty-transport:4.1.60.Final
[info]   | | | |   +-io.netty:netty-buffer:4.1.60.Final
[info]   | | | |   | +-io.netty:netty-common:4.1.60.Final
[info]   | | | |   | 
[info]   | | | |   +-io.netty:netty-common:4.1.60.Final
[info]   | | | |   +-io.netty:netty-resolver:4.1.60.Final
[info]   | | | |     +-io.netty:netty-common:4.1.60.Final
[info]   | | | |     
[info]   | | | +-io.netty:netty-common:4.1.60.Final
[info]   | | | +-io.netty:netty-transport:4.1.60.Final
[info]   | | |   +-io.netty:netty-buffer:4.1.60.Final
[info]   | | |   | +-io.netty:netty-common:4.1.60.Final
[info]   | | |   | 
[info]   | | |   +-io.netty:netty-common:4.1.60.Final
[info]   | | |   +-io.netty:netty-resolver:4.1.60.Final
[info]   | | |     +-io.netty:netty-common:4.1.60.Final
[info]   | | |     
[info]   | | +-io.netty:netty-codec:4.1.60.Final
[info]   | | | +-io.netty:netty-buffer:4.1.60.Final
[info]   | | | | +-io.netty:netty-common:4.1.60.Final
[info]   | | | | 
[info]   | | | +-io.netty:netty-common:4.1.60.Final
[info]   | | | +-io.netty:netty-transport:4.1.60.Final
[info]   | | |   +-io.netty:netty-buffer:4.1.60.Final
[info]   | | |   | +-io.netty:netty-common:4.1.60.Final
[info]   | | |   | 
[info]   | | |   +-io.netty:netty-common:4.1.60.Final
[info]   | | |   +-io.netty:netty-resolver:4.1.60.Final
[info]   | | |     +-io.netty:netty-common:4.1.60.Final
[info]   | | |     
[info]   | | +-io.netty:netty-common:4.1.60.Final
[info]   | | +-io.netty:netty-transport:4.1.60.Final
[info]   | |   +-io.netty:netty-buffer:4.1.60.Final
[info]   | |   | +-io.netty:netty-common:4.1.60.Final
[info]   | |   | 
[info]   | |   +-io.netty:netty-common:4.1.60.Final
[info]   | |   +-io.netty:netty-resolver:4.1.60.Final
[info]   | |     +-io.netty:netty-common:4.1.60.Final
[info]   | |     
[info]   | +-io.netty:netty-handler:4.1.60.Final
[info]   | | +-io.netty:netty-buffer:4.1.60.Final
[info]   | | | +-io.netty:netty-common:4.1.60.Final
[info]   | | | 
[info]   | | +-io.netty:netty-codec:4.1.60.Final
[info]   | | | +-io.netty:netty-buffer:4.1.60.Final
[info]   | | | | +-io.netty:netty-common:4.1.60.Final
[info]   | | | | 
[info]   | | | +-io.netty:netty-common:4.1.60.Final
[info]   | | | +-io.netty:netty-transport:4.1.60.Final
[info]   | | |   +-io.netty:netty-buffer:4.1.60.Final
[info]   | | |   | +-io.netty:netty-common:4.1.60.Final
[info]   | | |   | 
[info]   | | |   +-io.netty:netty-common:4.1.60.Final
[info]   | | |   +-io.netty:netty-resolver:4.1.60.Final
[info]   | | |     +-io.netty:netty-common:4.1.60.Final
[info]   | | |     
[info]   | | +-io.netty:netty-common:4.1.60.Final
[info]   | | +-io.netty:netty-resolver:4.1.60.Final
[info]   | | | +-io.netty:netty-common:4.1.60.Final
[info]   | | | 
[info]   | | +-io.netty:netty-transport:4.1.60.Final
[info]   | |   +-io.netty:netty-buffer:4.1.60.Final
[info]   | |   | +-io.netty:netty-common:4.1.60.Final
[info]   | |   | 
[info]   | |   +-io.netty:netty-common:4.1.60.Final
[info]   | |   +-io.netty:netty-resolver:4.1.60.Final
[info]   | |     +-io.netty:netty-common:4.1.60.Final
[info]   | |     
[info]   | +-org.asynchttpclient:async-http-client-netty-utils:2.12.3
[info]   | | +-com.sun.activation:jakarta.activation:1.2.2
[info]   | | +-io.netty:netty-buffer:4.1.60.Final
[info]   | | | +-io.netty:netty-common:4.1.60.Final
[info]   | | | 
[info]   | | +-org.slf4j:slf4j-api:1.7.30
[info]   | | 
[info]   | +-org.reactivestreams:reactive-streams:1.0.3
[info]   | +-org.slf4j:slf4j-api:1.7.30
[info]   | 
[info]   +-org.dispatchhttp:dispatch-core_2.12:1.2.0 [S]
[info]     +-org.asynchttpclient:async-http-client:2.10.4 (evicted by: 2.12.3)
[info]     +-org.asynchttpclient:async-http-client:2.12.3
[info]     | +-com.sun.activation:jakarta.activation:1.2.2
[info]     | +-com.typesafe.netty:netty-reactive-streams:2.0.4
[info]     | | +-io.netty:netty-handler:4.1.43.Final (evicted by: 4.1.60.Final)
[info]     | | +-io.netty:netty-handler:4.1.60.Final
[info]     | | | +-io.netty:netty-buffer:4.1.60.Final
[info]     | | | | +-io.netty:netty-common:4.1.60.Final
[info]     | | | | 
[info]     | | | +-io.netty:netty-codec:4.1.60.Final
[info]     | | | | +-io.netty:netty-buffer:4.1.60.Final
[info]     | | | | | +-io.netty:netty-common:4.1.60.Final
[info]     | | | | | 
[info]     | | | | +-io.netty:netty-common:4.1.60.Final
[info]     | | | | +-io.netty:netty-transport:4.1.60.Final
[info]     | | | |   +-io.netty:netty-buffer:4.1.60.Final
[info]     | | | |   | +-io.netty:netty-common:4.1.60.Final
[info]     | | | |   | 
[info]     | | | |   +-io.netty:netty-common:4.1.60.Final
[info]     | | | |   +-io.netty:netty-resolver:4.1.60.Final
[info]     | | | |     +-io.netty:netty-common:4.1.60.Final
[info]     | | | |     
[info]     | | | +-io.netty:netty-common:4.1.60.Final
[info]     | | | +-io.netty:netty-resolver:4.1.60.Final
[info]     | | | | +-io.netty:netty-common:4.1.60.Final
[info]     | | | | 
[info]     | | | +-io.netty:netty-transport:4.1.60.Final
[info]     | | |   +-io.netty:netty-buffer:4.1.60.Final
[info]     | | |   | +-io.netty:netty-common:4.1.60.Final
[info]     | | |   | 
[info]     | | |   +-io.netty:netty-common:4.1.60.Final
[info]     | | |   +-io.netty:netty-resolver:4.1.60.Final
[info]     | | |     +-io.netty:netty-common:4.1.60.Final
[info]     | | |     
[info]     | | +-org.reactivestreams:reactive-streams:1.0.3
[info]     | | 
[info]     | +-io.netty:netty-codec-http:4.1.60.Final
[info]     | | +-io.netty:netty-buffer:4.1.60.Final
[info]     | | | +-io.netty:netty-common:4.1.60.Final
[info]     | | | 
[info]     | | +-io.netty:netty-codec:4.1.60.Final
[info]     | | | +-io.netty:netty-buffer:4.1.60.Final
[info]     | | | | +-io.netty:netty-common:4.1.60.Final
[info]     | | | | 
[info]     | | | +-io.netty:netty-common:4.1.60.Final
[info]     | | | +-io.netty:netty-transport:4.1.60.Final
[info]     | | |   +-io.netty:netty-buffer:4.1.60.Final
[info]     | | |   | +-io.netty:netty-common:4.1.60.Final
[info]     | | |   | 
[info]     | | |   +-io.netty:netty-common:4.1.60.Final
[info]     | | |   +-io.netty:netty-resolver:4.1.60.Final
[info]     | | |     +-io.netty:netty-common:4.1.60.Final
[info]     | | |     
[info]     | | +-io.netty:netty-common:4.1.60.Final
[info]     | | +-io.netty:netty-handler:4.1.60.Final
[info]     | | | +-io.netty:netty-buffer:4.1.60.Final
[info]     | | | | +-io.netty:netty-common:4.1.60.Final
[info]     | | | | 
[info]     | | | +-io.netty:netty-codec:4.1.60.Final
[info]     | | | | +-io.netty:netty-buffer:4.1.60.Final
[info]     | | | | | +-io.netty:netty-common:4.1.60.Final
[info]     | | | | | 
[info]     | | | | +-io.netty:netty-common:4.1.60.Final
[info]     | | | | +-io.netty:netty-transport:4.1.60.Final
[info]     | | | |   +-io.netty:netty-buffer:4.1.60.Final
[info]     | | | |   | +-io.netty:netty-common:4.1.60.Final
[info]     | | | |   | 
[info]     | | | |   +-io.netty:netty-common:4.1.60.Final
[info]     | | | |   +-io.netty:netty-resolver:4.1.60.Final
[info]     | | | |     +-io.netty:netty-common:4.1.60.Final
[info]     | | | |     
[info]     | | | +-io.netty:netty-common:4.1.60.Final
[info]     | | | +-io.netty:netty-resolver:4.1.60.Final
[info]     | | | | +-io.netty:netty-common:4.1.60.Final
[info]     | | | | 
[info]     | | | +-io.netty:netty-transport:4.1.60.Final
[info]     | | |   +-io.netty:netty-buffer:4.1.60.Final
[info]     | | |   | +-io.netty:netty-common:4.1.60.Final
[info]     | | |   | 
[info]     | | |   +-io.netty:netty-common:4.1.60.Final
[info]     | | |   +-io.netty:netty-resolver:4.1.60.Final
[info]     | | |     +-io.netty:netty-common:4.1.60.Final
[info]     | | |     
[info]     | | +-io.netty:netty-transport:4.1.60.Final
[info]     | |   +-io.netty:netty-buffer:4.1.60.Final
[info]     | |   | +-io.netty:netty-common:4.1.60.Final
[info]     | |   | 
[info]     | |   +-io.netty:netty-common:4.1.60.Final
[info]     | |   +-io.netty:netty-resolver:4.1.60.Final
[info]     | |     +-io.netty:netty-common:4.1.60.Final
[info]     | |     
[info]     | +-io.netty:netty-codec-socks:4.1.60.Final
[info]     | | +-io.netty:netty-buffer:4.1.60.Final
[info]     | | | +-io.netty:netty-common:4.1.60.Final
[info]     | | | 
[info]     | | +-io.netty:netty-codec:4.1.60.Final
[info]     | | | +-io.netty:netty-buffer:4.1.60.Final
[info]     | | | | +-io.netty:netty-common:4.1.60.Final
[info]     | | | | 
[info]     | | | +-io.netty:netty-common:4.1.60.Final
[info]     | | | +-io.netty:netty-transport:4.1.60.Final
[info]     | | |   +-io.netty:netty-buffer:4.1.60.Final
[info]     | | |   | +-io.netty:netty-common:4.1.60.Final
[info]     | | |   | 
[info]     | | |   +-io.netty:netty-common:4.1.60.Final
[info]     | | |   +-io.netty:netty-resolver:4.1.60.Final
[info]     | | |     +-io.netty:netty-common:4.1.60.Final
[info]     | | |     
[info]     | | +-io.netty:netty-common:4.1.60.Final
[info]     | | +-io.netty:netty-transport:4.1.60.Final
[info]     | |   +-io.netty:netty-buffer:4.1.60.Final
[info]     | |   | +-io.netty:netty-common:4.1.60.Final
[info]     | |   | 
[info]     | |   +-io.netty:netty-common:4.1.60.Final
[info]     | |   +-io.netty:netty-resolver:4.1.60.Final
[info]     | |     +-io.netty:netty-common:4.1.60.Final
[info]     | |     
[info]     | +-io.netty:netty-handler-proxy:4.1.60.Final
[info]     | | +-io.netty:netty-buffer:4.1.60.Final
[info]     | | | +-io.netty:netty-common:4.1.60.Final
[info]     | | | 
[info]     | | +-io.netty:netty-codec-http:4.1.60.Final
[info]     | | | +-io.netty:netty-buffer:4.1.60.Final
[info]     | | | | +-io.netty:netty-common:4.1.60.Final
[info]     | | | | 
[info]     | | | +-io.netty:netty-codec:4.1.60.Final
[info]     | | | | +-io.netty:netty-buffer:4.1.60.Final
[info]     | | | | | +-io.netty:netty-common:4.1.60.Final
[info]     | | | | | 
[info]     | | | | +-io.netty:netty-common:4.1.60.Final
[info]     | | | | +-io.netty:netty-transport:4.1.60.Final
[info]     | | | |   +-io.netty:netty-buffer:4.1.60.Final
[info]     | | | |   | +-io.netty:netty-common:4.1.60.Final
[info]     | | | |   | 
[info]     | | | |   +-io.netty:netty-common:4.1.60.Final
[info]     | | | |   +-io.netty:netty-resolver:4.1.60.Final
[info]     | | | |     +-io.netty:netty-common:4.1.60.Final
[info]     | | | |     
[info]     | | | +-io.netty:netty-common:4.1.60.Final
[info]     | | | +-io.netty:netty-handler:4.1.60.Final
[info]     | | | | +-io.netty:netty-buffer:4.1.60.Final
[info]     | | | | | +-io.netty:netty-common:4.1.60.Final
[info]     | | | | | 
[info]     | | | | +-io.netty:netty-codec:4.1.60.Final
[info]     | | | | | +-io.netty:netty-buffer:4.1.60.Final
[info]     | | | | | | +-io.netty:netty-common:4.1.60.Final
[info]     | | | | | | 
[info]     | | | | | +-io.netty:netty-common:4.1.60.Final
[info]     | | | | | +-io.netty:netty-transport:4.1.60.Final
[info]     | | | | |   +-io.netty:netty-buffer:4.1.60.Final
[info]     | | | | |   | +-io.netty:netty-common:4.1.60.Final
[info]     | | | | |   | 
[info]     | | | | |   +-io.netty:netty-common:4.1.60.Final
[info]     | | | | |   +-io.netty:netty-resolver:4.1.60.Final
[info]     | | | | |     +-io.netty:netty-common:4.1.60.Final
[info]     | | | | |     
[info]     | | | | +-io.netty:netty-common:4.1.60.Final
[info]     | | | | +-io.netty:netty-resolver:4.1.60.Final
[info]     | | | | | +-io.netty:netty-common:4.1.60.Final
[info]     | | | | | 
[info]     | | | | +-io.netty:netty-transport:4.1.60.Final
[info]     | | | |   +-io.netty:netty-buffer:4.1.60.Final
[info]     | | | |   | +-io.netty:netty-common:4.1.60.Final
[info]     | | | |   | 
[info]     | | | |   +-io.netty:netty-common:4.1.60.Final
[info]     | | | |   +-io.netty:netty-resolver:4.1.60.Final
[info]     | | | |     +-io.netty:netty-common:4.1.60.Final
[info]     | | | |     
[info]     | | | +-io.netty:netty-transport:4.1.60.Final
[info]     | | |   +-io.netty:netty-buffer:4.1.60.Final
[info]     | | |   | +-io.netty:netty-common:4.1.60.Final
[info]     | | |   | 
[info]     | | |   +-io.netty:netty-common:4.1.60.Final
[info]     | | |   +-io.netty:netty-resolver:4.1.60.Final
[info]     | | |     +-io.netty:netty-common:4.1.60.Final
[info]     | | |     
[info]     | | +-io.netty:netty-codec-socks:4.1.60.Final
[info]     | | | +-io.netty:netty-buffer:4.1.60.Final
[info]     | | | | +-io.netty:netty-common:4.1.60.Final
[info]     | | | | 
[info]     | | | +-io.netty:netty-codec:4.1.60.Final
[info]     | | | | +-io.netty:netty-buffer:4.1.60.Final
[info]     | | | | | +-io.netty:netty-common:4.1.60.Final
[info]     | | | | | 
[info]     | | | | +-io.netty:netty-common:4.1.60.Final
[info]     | | | | +-io.netty:netty-transport:4.1.60.Final
[info]     | | | |   +-io.netty:netty-buffer:4.1.60.Final
[info]     | | | |   | +-io.netty:netty-common:4.1.60.Final
[info]     | | | |   | 
[info]     | | | |   +-io.netty:netty-common:4.1.60.Final
[info]     | | | |   +-io.netty:netty-resolver:4.1.60.Final
[info]     | | | |     +-io.netty:netty-common:4.1.60.Final
[info]     | | | |     
[info]     | | | +-io.netty:netty-common:4.1.60.Final
[info]     | | | +-io.netty:netty-transport:4.1.60.Final
[info]     | | |   +-io.netty:netty-buffer:4.1.60.Final
[info]     | | |   | +-io.netty:netty-common:4.1.60.Final
[info]     | | |   | 
[info]     | | |   +-io.netty:netty-common:4.1.60.Final
[info]     | | |   +-io.netty:netty-resolver:4.1.60.Final
[info]     | | |     +-io.netty:netty-common:4.1.60.Final
[info]     | | |     
[info]     | | +-io.netty:netty-codec:4.1.60.Final
[info]     | | | +-io.netty:netty-buffer:4.1.60.Final
[info]     | | | | +-io.netty:netty-common:4.1.60.Final
[info]     | | | | 
[info]     | | | +-io.netty:netty-common:4.1.60.Final
[info]     | | | +-io.netty:netty-transport:4.1.60.Final
[info]     | | |   +-io.netty:netty-buffer:4.1.60.Final
[info]     | | |   | +-io.netty:netty-common:4.1.60.Final
[info]     | | |   | 
[info]     | | |   +-io.netty:netty-common:4.1.60.Final
[info]     | | |   +-io.netty:netty-resolver:4.1.60.Final
[info]     | | |     +-io.netty:netty-common:4.1.60.Final
[info]     | | |     
[info]     | | +-io.netty:netty-common:4.1.60.Final
[info]     | | +-io.netty:netty-transport:4.1.60.Final
[info]     | |   +-io.netty:netty-buffer:4.1.60.Final
[info]     | |   | +-io.netty:netty-common:4.1.60.Final
[info]     | |   | 
[info]     | |   +-io.netty:netty-common:4.1.60.Final
[info]     | |   +-io.netty:netty-resolver:4.1.60.Final
[info]     | |     +-io.netty:netty-common:4.1.60.Final
[info]     | |     
[info]     | +-io.netty:netty-handler:4.1.60.Final
[info]     | | +-io.netty:netty-buffer:4.1.60.Final
[info]     | | | +-io.netty:netty-common:4.1.60.Final
[info]     | | | 
[info]     | | +-io.netty:netty-codec:4.1.60.Final
[info]     | | | +-io.netty:netty-buffer:4.1.60.Final
[info]     | | | | +-io.netty:netty-common:4.1.60.Final
[info]     | | | | 
[info]     | | | +-io.netty:netty-common:4.1.60.Final
[info]     | | | +-io.netty:netty-transport:4.1.60.Final
[info]     | | |   +-io.netty:netty-buffer:4.1.60.Final
[info]     | | |   | +-io.netty:netty-common:4.1.60.Final
[info]     | | |   | 
[info]     | | |   +-io.netty:netty-common:4.1.60.Final
[info]     | | |   +-io.netty:netty-resolver:4.1.60.Final
[info]     | | |     +-io.netty:netty-common:4.1.60.Final
[info]     | | |     
[info]     | | +-io.netty:netty-common:4.1.60.Final
[info]     | | +-io.netty:netty-resolver:4.1.60.Final
[info]     | | | +-io.netty:netty-common:4.1.60.Final
[info]     | | | 
[info]     | | +-io.netty:netty-transport:4.1.60.Final
[info]     | |   +-io.netty:netty-buffer:4.1.60.Final
[info]     | |   | +-io.netty:netty-common:4.1.60.Final
[info]     | |   | 
[info]     | |   +-io.netty:netty-common:4.1.60.Final
[info]     | |   +-io.netty:netty-resolver:4.1.60.Final
[info]     | |     +-io.netty:netty-common:4.1.60.Final
[info]     | |     
[info]     | +-org.asynchttpclient:async-http-client-netty-utils:2.12.3
[info]     | | +-com.sun.activation:jakarta.activation:1.2.2
[info]     | | +-io.netty:netty-buffer:4.1.60.Final
[info]     | | | +-io.netty:netty-common:4.1.60.Final
[info]     | | | 
[info]     | | +-org.slf4j:slf4j-api:1.7.30
[info]     | | 
[info]     | +-org.reactivestreams:reactive-streams:1.0.3
[info]     | +-org.slf4j:slf4j-api:1.7.30
[info]     | 
[info]     +-org.scala-lang.modules:scala-xml_2.12:1.2.0 [S]
[info]     
[success] Total time: 0 s, completed 3 Feb 2023, 09:02:17
